<?xml version="1.0" encoding="UTF-8"?>
<!-- Generated by org.testng.reporters.JUnitXMLReporter -->
<testsuite hostname="Rajendra-Lenovo" ignored="0"
	name="First TestNG Test" tests="2" failures="0"
	timestamp="24 Aug 2018 19:07:46 GMT" time="0.031" errors="0">
	<testcase name="Login" time="0.0"
		classname="com.Testng.Programs.FirstTestNG">
		<skipped />
	</testcase> <!-- Login -->
	<testcase name="clickLink" time="0.015"
		classname="com.Testng.Programs.FirstTestNG" />
</testsuite> <!-- First TestNG Test -->
