<?xml version="1.0" encoding="UTF-8"?>
<!-- Generated by org.testng.reporters.JUnitXMLReporter -->
<testsuite hostname="Rajendra-Lenovo" ignored="0" name="Default test" tests="2" failures="0" timestamp="28 Aug 2018 17:42:55 GMT" time="0.626" errors="0">
  <testcase name="testFormFill" time="0.009" classname="com.Testng.Programs.TestNGParameterizationExcel"/>
  <testcase name="testFormFill" time="0.003" classname="com.Testng.Programs.TestNGParameterizationExcel"/>
</testsuite> <!-- Default test -->
