<?xml version="1.0" encoding="UTF-8"?>
<!-- Generated by org.testng.reporters.JUnitXMLReporter -->
<testsuite hostname="rajendra-PC" ignored="0" name="seleniumBasic" tests="3" failures="0" timestamp="31 Aug 2017 11:21:33 GMT" time="37.313" errors="0">
  <testcase name="parameterExcel" time="11.131" classname="seleniumBasic.ExcelParameterizationDemo"/>
  <testcase name="parameterExcel" time="10.304" classname="seleniumBasic.ExcelParameterizationDemo"/>
  <testcase name="parameterExcel" time="10.279" classname="seleniumBasic.ExcelParameterizationDemo"/>
</testsuite> <!-- seleniumBasic -->
